<?xml version="1.0" encoding="UTF-8"?>
<!-- Generated by org.testng.reporters.JUnitReportReporter -->
<testsuite hostname="JS9F3B3" failures="0" tests="1" name="Pages.TestSample" time="12.446" errors="0" timestamp="30 Apr 2024 21:15:17 GMT" skipped="0">
  <testcase classname="Pages.TestSample" name="loginTest" time="12.446"/>
</testsuite> <!-- Pages.TestSample -->
